<?xml version="1.0" encoding="UTF-8"?>
<!-- Generated by org.testng.reporters.JUnitXMLReporter -->
<testsuite ignored="3" hostname="DESKTOP-LHDMN2A" failures="0" tests="1" name="Default test" time="7.49" errors="0" timestamp="2025-10-19T23:30:32 EET">
  <testcase classname="Automation.MyTestCases" name="Additems" time="3.517"/>
  <testcase classname="Automation.MyTestCases" name="Login" time="0.0">
    <ignored/>
  </testcase> <!-- Login -->
  <testcase classname="Automation.MyTestCases" name="Logout" time="0.0">
    <ignored/>
  </testcase> <!-- Logout -->
  <testcase classname="Automation.MyTestCases" name="SignUp" time="0.0">
    <ignored/>
  </testcase> <!-- SignUp -->
</testsuite> <!-- Default test -->
