<?xml version="1.0" encoding="UTF-8"?>
<!-- Generated by org.testng.reporters.JUnitXMLReporter -->
<testsuite ignored="2" hostname="DESKTOP-LHDMN2A" failures="0" tests="2" name="Default test" time="9.434" errors="0" timestamp="2025-10-19T23:05:35 EET">
  <testcase classname="Automation.MyTestCases" name="Additems" time="2.853"/>
  <testcase classname="Automation.MyTestCases" name="Login" time="1.504"/>
  <testcase classname="Automation.MyTestCases" name="Logout" time="0.0">
    <ignored/>
  </testcase> <!-- Logout -->
  <testcase classname="Automation.MyTestCases" name="SignUp" time="0.0">
    <ignored/>
  </testcase> <!-- SignUp -->
</testsuite> <!-- Default test -->
