<?xml version="1.0" encoding="UTF-8"?>
<testng-results ignored="3" total="4" passed="1" failed="0" skipped="0">
  <reporter-output>
  </reporter-output>
  <suite started-at="2025-10-19T23:30:24 EET" name="Default suite" finished-at="2025-10-19T23:30:32 EET" duration-ms="7490">
    <groups>
    </groups>
    <test started-at="2025-10-19T23:30:24 EET" name="Default test" finished-at="2025-10-19T23:30:32 EET" duration-ms="7490">
      <class name="Automation.MyTestCases">
        <test-method is-config="true" signature="MySetup()[pri:0, instance:Automation.MyTestCases@7e5d9a50]" started-at="2025-10-19T23:30:24 EET" name="MySetup" finished-at="2025-10-19T23:30:28 EET" duration-ms="3859" status="PASS">
          <reporter-output>
          </reporter-output>
        </test-method> <!-- MySetup -->
        <test-method signature="Additems()[pri:3, instance:Automation.MyTestCases@7e5d9a50]" started-at="2025-10-19T23:30:28 EET" name="Additems" finished-at="2025-10-19T23:30:32 EET" duration-ms="3517" status="PASS">
          <reporter-output>
          </reporter-output>
        </test-method> <!-- Additems -->
        <test-method is-config="true" signature="AfterMyTest()[pri:0, instance:Automation.MyTestCases@7e5d9a50]" started-at="2025-10-19T23:30:32 EET" name="AfterMyTest" finished-at="2025-10-19T23:30:32 EET" duration-ms="2" status="PASS">
          <reporter-output>
          </reporter-output>
        </test-method> <!-- AfterMyTest -->
      </class> <!-- Automation.MyTestCases -->
    </test> <!-- Default test -->
  </suite> <!-- Default suite -->
</testng-results>
