<?xml version="1.0" encoding="UTF-8"?>
<testng-results ignored="2" total="4" passed="2" failed="0" skipped="0">
  <reporter-output>
  </reporter-output>
  <suite started-at="2025-10-19T23:05:26 EET" name="Default suite" finished-at="2025-10-19T23:05:35 EET" duration-ms="9434">
    <groups>
    </groups>
    <test started-at="2025-10-19T23:05:26 EET" name="Default test" finished-at="2025-10-19T23:05:35 EET" duration-ms="9434">
      <class name="Automation.MyTestCases">
        <test-method is-config="true" signature="MySetup()[pri:0, instance:Automation.MyTestCases@7e5d9a50]" started-at="2025-10-19T23:05:26 EET" name="MySetup" finished-at="2025-10-19T23:05:31 EET" duration-ms="4908" status="PASS">
          <reporter-output>
          </reporter-output>
        </test-method> <!-- MySetup -->
        <test-method signature="Additems()[pri:3, instance:Automation.MyTestCases@7e5d9a50]" started-at="2025-10-19T23:05:31 EET" name="Additems" finished-at="2025-10-19T23:05:34 EET" duration-ms="2853" status="PASS">
          <reporter-output>
          </reporter-output>
        </test-method> <!-- Additems -->
        <test-method signature="Login()[pri:3, instance:Automation.MyTestCases@7e5d9a50]" started-at="2025-10-19T23:05:34 EET" name="Login" finished-at="2025-10-19T23:05:35 EET" duration-ms="1504" status="PASS">
          <reporter-output>
          </reporter-output>
        </test-method> <!-- Login -->
        <test-method is-config="true" signature="AfterMyTest()[pri:0, instance:Automation.MyTestCases@7e5d9a50]" started-at="2025-10-19T23:05:35 EET" name="AfterMyTest" finished-at="2025-10-19T23:05:35 EET" duration-ms="2" status="PASS">
          <reporter-output>
          </reporter-output>
        </test-method> <!-- AfterMyTest -->
      </class> <!-- Automation.MyTestCases -->
    </test> <!-- Default test -->
  </suite> <!-- Default suite -->
</testng-results>
